ERROR - 2023-10-28 18:14:27 --> mysqli_sql_exception: Cannot delete or update a parent row: a foreign key constraint fails (`churchapp`.`items`, CONSTRAINT `items_ibfk_1` FOREIGN KEY (`categoryid`) REFERENCES `categories` (`id`)) in C:\xampp\htdocs\generation-choisie-admin\system\Database\MySQLi\Connection.php:306
Stack trace:
#0 C:\xampp\htdocs\generation-choisie-admin\system\Database\MySQLi\Connection.php(306): mysqli->query('DELETE FROM `ca...', 0)
#1 C:\xampp\htdocs\generation-choisie-admin\system\Database\BaseConnection.php(692): CodeIgniter\Database\MySQLi\Connection->execute('DELETE FROM `ca...')
#2 C:\xampp\htdocs\generation-choisie-admin\system\Database\BaseConnection.php(606): CodeIgniter\Database\BaseConnection->simpleQuery('DELETE FROM `ca...')
#3 C:\xampp\htdocs\generation-choisie-admin\system\Database\BaseBuilder.php(2790): CodeIgniter\Database\BaseConnection->query('DELETE FROM `ca...', Array, false)
#4 C:\xampp\htdocs\generation-choisie-admin\system\Model.php(445): CodeIgniter\Database\BaseBuilder->delete()
#5 C:\xampp\htdocs\generation-choisie-admin\system\BaseModel.php(1080): CodeIgniter\Model->doDelete(Array, false)
#6 C:\xampp\htdocs\generation-choisie-admin\app\Controllers\CategoryController.php(141): CodeIgniter\BaseModel->delete(Array)
#7 C:\xampp\htdocs\generation-choisie-admin\system\CodeIgniter.php(919): App\Controllers\CategoryController->delete('9')
#8 C:\xampp\htdocs\generation-choisie-admin\system\CodeIgniter.php(494): CodeIgniter\CodeIgniter->runController(Object(App\Controllers\CategoryController))
#9 C:\xampp\htdocs\generation-choisie-admin\system\CodeIgniter.php(353): CodeIgniter\CodeIgniter->handleRequest(NULL, Object(Config\Cache), false)
#10 C:\xampp\htdocs\generation-choisie-admin\public\index.php(79): CodeIgniter\CodeIgniter->run()
#11 {main}
CRITICAL - 2023-10-28 18:14:27 --> Cannot delete or update a parent row: a foreign key constraint fails (`churchapp`.`items`, CONSTRAINT `items_ibfk_1` FOREIGN KEY (`categoryid`) REFERENCES `categories` (`id`))
in SYSTEMPATH\Database\BaseConnection.php on line 646.
 1 SYSTEMPATH\Database\BaseBuilder.php(2790): CodeIgniter\Database\BaseConnection->query('DELETE FROM `categories`
WHERE `id` IN :id:', [...], false)
 2 SYSTEMPATH\Model.php(445): CodeIgniter\Database\BaseBuilder->delete()
 3 SYSTEMPATH\BaseModel.php(1080): CodeIgniter\Model->doDelete([...], false)
 4 APPPATH\Controllers\CategoryController.php(141): CodeIgniter\BaseModel->delete([...])
 5 SYSTEMPATH\CodeIgniter.php(919): App\Controllers\CategoryController->delete('9')
 6 SYSTEMPATH\CodeIgniter.php(494): CodeIgniter\CodeIgniter->runController(Object(App\Controllers\CategoryController))
 7 SYSTEMPATH\CodeIgniter.php(353): CodeIgniter\CodeIgniter->handleRequest(null, Object(Config\Cache), false)
 8 FCPATH\index.php(79): CodeIgniter\CodeIgniter->run()
CRITICAL - 2023-10-28 18:15:02 --> unlink(assets/categories/1698516780_62109f8d2bc5acd5bc26.jpg): No such file or directory
in APPPATH\Controllers\CategoryController.php on line 136.
 1 [internal function]: CodeIgniter\Debug\Exceptions->errorHandler(2, 'unlink(assets/categories/1698516780_62109f8d2bc5acd5bc26.jpg): No such file or directory', 'C:\\xampp\\htdocs\\generation-choisie-admin\\app\\Controllers\\CategoryController.php', 136)
 2 APPPATH\Controllers\CategoryController.php(136): unlink('assets/categories/1698516780_62109f8d2bc5acd5bc26.jpg')
 3 SYSTEMPATH\CodeIgniter.php(919): App\Controllers\CategoryController->delete('9')
 4 SYSTEMPATH\CodeIgniter.php(494): CodeIgniter\CodeIgniter->runController(Object(App\Controllers\CategoryController))
 5 SYSTEMPATH\CodeIgniter.php(353): CodeIgniter\CodeIgniter->handleRequest(null, Object(Config\Cache), false)
 6 FCPATH\index.php(79): CodeIgniter\CodeIgniter->run()
CRITICAL - 2023-10-28 18:17:07 --> unlink(assets/categories/1698516780_62109f8d2bc5acd5bc26.jpg): No such file or directory
in APPPATH\Controllers\CategoryController.php on line 136.
 1 [internal function]: CodeIgniter\Debug\Exceptions->errorHandler(2, 'unlink(assets/categories/1698516780_62109f8d2bc5acd5bc26.jpg): No such file or directory', 'C:\\xampp\\htdocs\\generation-choisie-admin\\app\\Controllers\\CategoryController.php', 136)
 2 APPPATH\Controllers\CategoryController.php(136): unlink('assets/categories/1698516780_62109f8d2bc5acd5bc26.jpg')
 3 SYSTEMPATH\CodeIgniter.php(919): App\Controllers\CategoryController->delete('9')
 4 SYSTEMPATH\CodeIgniter.php(494): CodeIgniter\CodeIgniter->runController(Object(App\Controllers\CategoryController))
 5 SYSTEMPATH\CodeIgniter.php(353): CodeIgniter\CodeIgniter->handleRequest(null, Object(Config\Cache), false)
 6 FCPATH\index.php(79): CodeIgniter\CodeIgniter->run()
CRITICAL - 2023-10-28 18:17:28 --> unlink(assets/categories/1698516780_62109f8d2bc5acd5bc26.jpg): No such file or directory
in APPPATH\Controllers\CategoryController.php on line 136.
 1 [internal function]: CodeIgniter\Debug\Exceptions->errorHandler(2, 'unlink(assets/categories/1698516780_62109f8d2bc5acd5bc26.jpg): No such file or directory', 'C:\\xampp\\htdocs\\generation-choisie-admin\\app\\Controllers\\CategoryController.php', 136)
 2 APPPATH\Controllers\CategoryController.php(136): unlink('assets/categories/1698516780_62109f8d2bc5acd5bc26.jpg')
 3 SYSTEMPATH\CodeIgniter.php(919): App\Controllers\CategoryController->delete('9')
 4 SYSTEMPATH\CodeIgniter.php(494): CodeIgniter\CodeIgniter->runController(Object(App\Controllers\CategoryController))
 5 SYSTEMPATH\CodeIgniter.php(353): CodeIgniter\CodeIgniter->handleRequest(null, Object(Config\Cache), false)
 6 FCPATH\index.php(79): CodeIgniter\CodeIgniter->run()
CRITICAL - 2023-10-28 18:18:14 --> unlink(assets/categories/1698516780_62109f8d2bc5acd5bc26.jpg): No such file or directory
in APPPATH\Controllers\CategoryController.php on line 136.
 1 [internal function]: CodeIgniter\Debug\Exceptions->errorHandler(2, 'unlink(assets/categories/1698516780_62109f8d2bc5acd5bc26.jpg): No such file or directory', 'C:\\xampp\\htdocs\\generation-choisie-admin\\app\\Controllers\\CategoryController.php', 136)
 2 APPPATH\Controllers\CategoryController.php(136): unlink('assets/categories/1698516780_62109f8d2bc5acd5bc26.jpg')
 3 SYSTEMPATH\CodeIgniter.php(919): App\Controllers\CategoryController->delete('9')
 4 SYSTEMPATH\CodeIgniter.php(494): CodeIgniter\CodeIgniter->runController(Object(App\Controllers\CategoryController))
 5 SYSTEMPATH\CodeIgniter.php(353): CodeIgniter\CodeIgniter->handleRequest(null, Object(Config\Cache), false)
 6 FCPATH\index.php(79): CodeIgniter\CodeIgniter->run()
CRITICAL - 2023-10-28 18:20:11 --> Trying to access array offset on value of type null
in APPPATH\Controllers\Home.php on line 43.
 1 APPPATH\Controllers\Home.php(43): CodeIgniter\Debug\Exceptions->errorHandler(2, 'Trying to access array offset on value of type null', 'C:\\xampp\\htdocs\\generation-choisie-admin\\app\\Controllers\\Home.php', 43)
 2 SYSTEMPATH\CodeIgniter.php(919): App\Controllers\Home->item()
 3 SYSTEMPATH\CodeIgniter.php(494): CodeIgniter\CodeIgniter->runController(Object(App\Controllers\Home))
 4 SYSTEMPATH\CodeIgniter.php(353): CodeIgniter\CodeIgniter->handleRequest(null, Object(Config\Cache), false)
 5 FCPATH\index.php(79): CodeIgniter\CodeIgniter->run()
CRITICAL - 2023-10-28 18:21:06 --> Trying to access array offset on value of type null
in APPPATH\Views\item\item.php on line 76.
 1 APPPATH\Views\item\item.php(76): CodeIgniter\Debug\Exceptions->errorHandler(2, 'Trying to access array offset on value of type null', 'C:\\xampp\\htdocs\\generation-choisie-admin\\app\\Views\\item\\item.php', 76)
 2 SYSTEMPATH\View\View.php(226): include('C:\\xampp\\htdocs\\generation-choisie-admin\\app\\Views\\item\\item.php')
 3 SYSTEMPATH\View\View.php(229): CodeIgniter\View\View->CodeIgniter\View\{closure}()
 4 SYSTEMPATH\Common.php(1188): CodeIgniter\View\View->render('item/item', [], true)
 5 APPPATH\Controllers\Home.php(47): view('item/item', [...])
 6 SYSTEMPATH\CodeIgniter.php(919): App\Controllers\Home->item()
 7 SYSTEMPATH\CodeIgniter.php(494): CodeIgniter\CodeIgniter->runController(Object(App\Controllers\Home))
 8 SYSTEMPATH\CodeIgniter.php(353): CodeIgniter\CodeIgniter->handleRequest(null, Object(Config\Cache), false)
 9 FCPATH\index.php(79): CodeIgniter\CodeIgniter->run()
CRITICAL - 2023-10-28 18:21:20 --> Trying to access array offset on value of type null
in APPPATH\Views\item\item.php on line 76.
 1 APPPATH\Views\item\item.php(76): CodeIgniter\Debug\Exceptions->errorHandler(2, 'Trying to access array offset on value of type null', 'C:\\xampp\\htdocs\\generation-choisie-admin\\app\\Views\\item\\item.php', 76)
 2 SYSTEMPATH\View\View.php(226): include('C:\\xampp\\htdocs\\generation-choisie-admin\\app\\Views\\item\\item.php')
 3 SYSTEMPATH\View\View.php(229): CodeIgniter\View\View->CodeIgniter\View\{closure}()
 4 SYSTEMPATH\Common.php(1188): CodeIgniter\View\View->render('item/item', [], true)
 5 APPPATH\Controllers\Home.php(47): view('item/item', [...])
 6 SYSTEMPATH\CodeIgniter.php(919): App\Controllers\Home->item()
 7 SYSTEMPATH\CodeIgniter.php(494): CodeIgniter\CodeIgniter->runController(Object(App\Controllers\Home))
 8 SYSTEMPATH\CodeIgniter.php(353): CodeIgniter\CodeIgniter->handleRequest(null, Object(Config\Cache), false)
 9 FCPATH\index.php(79): CodeIgniter\CodeIgniter->run()
CRITICAL - 2023-10-28 18:36:44 --> Undefined array key "url"
in APPPATH\Controllers\CategoryController.php on line 105.
 1 APPPATH\Controllers\CategoryController.php(105): CodeIgniter\Debug\Exceptions->errorHandler(2, 'Undefined array key "url"', 'C:\\xampp\\htdocs\\generation-choisie-admin\\app\\Controllers\\CategoryController.php', 105)
 2 SYSTEMPATH\CodeIgniter.php(919): App\Controllers\CategoryController->update('9')
 3 SYSTEMPATH\CodeIgniter.php(494): CodeIgniter\CodeIgniter->runController(Object(App\Controllers\CategoryController))
 4 SYSTEMPATH\CodeIgniter.php(353): CodeIgniter\CodeIgniter->handleRequest(null, Object(Config\Cache), false)
 5 FCPATH\index.php(79): CodeIgniter\CodeIgniter->run()
CRITICAL - 2023-10-28 18:38:43 --> unlink(assets/categories/1698516780_62109f8d2bc5acd5bc26.jpg): No such file or directory
in APPPATH\Controllers\CategoryController.php on line 136.
 1 [internal function]: CodeIgniter\Debug\Exceptions->errorHandler(2, 'unlink(assets/categories/1698516780_62109f8d2bc5acd5bc26.jpg): No such file or directory', 'C:\\xampp\\htdocs\\generation-choisie-admin\\app\\Controllers\\CategoryController.php', 136)
 2 APPPATH\Controllers\CategoryController.php(136): unlink('assets/categories/1698516780_62109f8d2bc5acd5bc26.jpg')
 3 SYSTEMPATH\CodeIgniter.php(919): App\Controllers\CategoryController->delete('9')
 4 SYSTEMPATH\CodeIgniter.php(494): CodeIgniter\CodeIgniter->runController(Object(App\Controllers\CategoryController))
 5 SYSTEMPATH\CodeIgniter.php(353): CodeIgniter\CodeIgniter->handleRequest(null, Object(Config\Cache), false)
 6 FCPATH\index.php(79): CodeIgniter\CodeIgniter->run()
