ERROR - 2023-09-23 15:06:58 --> mysqli_sql_exception: Table 'churchapp.churchapp' doesn't exist in C:\Users\Serge\Documents\generation-choisie-admin\system\Database\MySQLi\Connection.php:306
Stack trace:
#0 C:\Users\Serge\Documents\generation-choisie-admin\system\Database\MySQLi\Connection.php(306): mysqli->query('SELECT *\nFROM `...', 0)
#1 C:\Users\Serge\Documents\generation-choisie-admin\system\Database\BaseConnection.php(692): CodeIgniter\Database\MySQLi\Connection->execute('SELECT *\nFROM `...')
#2 C:\Users\Serge\Documents\generation-choisie-admin\system\Database\BaseConnection.php(606): CodeIgniter\Database\BaseConnection->simpleQuery('SELECT *\nFROM `...')
#3 C:\Users\Serge\Documents\generation-choisie-admin\system\Database\BaseBuilder.php(1615): CodeIgniter\Database\BaseConnection->query('SELECT *\nFROM `...', Array, false)
#4 C:\Users\Serge\Documents\generation-choisie-admin\system\Model.php(237): CodeIgniter\Database\BaseBuilder->get()
#5 C:\Users\Serge\Documents\generation-choisie-admin\system\BaseModel.php(624): CodeIgniter\Model->doFindAll(0, 0)
#6 C:\Users\Serge\Documents\generation-choisie-admin\app\Controllers\CategoryController.php(15): CodeIgniter\BaseModel->findAll()
#7 C:\Users\Serge\Documents\generation-choisie-admin\system\CodeIgniter.php(919): App\Controllers\CategoryController->index()
#8 C:\Users\Serge\Documents\generation-choisie-admin\system\CodeIgniter.php(494): CodeIgniter\CodeIgniter->runController(Object(App\Controllers\CategoryController))
#9 C:\Users\Serge\Documents\generation-choisie-admin\system\CodeIgniter.php(353): CodeIgniter\CodeIgniter->handleRequest(NULL, Object(Config\Cache), false)
#10 C:\Users\Serge\Documents\generation-choisie-admin\public\index.php(79): CodeIgniter\CodeIgniter->run()
#11 C:\Users\Serge\Documents\generation-choisie-admin\system\Commands\Server\rewrite.php(47): require_once('C:\\Users\\Serge\\...')
#12 {main}
CRITICAL - 2023-09-23 15:06:58 --> Table 'churchapp.churchapp' doesn't exist
in SYSTEMPATH\Database\BaseConnection.php on line 646.
 1 SYSTEMPATH\Database\BaseBuilder.php(1615): CodeIgniter\Database\BaseConnection->query('SELECT *
FROM `churchapp`', [], false)
 2 SYSTEMPATH\Model.php(237): CodeIgniter\Database\BaseBuilder->get()
 3 SYSTEMPATH\BaseModel.php(624): CodeIgniter\Model->doFindAll(0, 0)
 4 APPPATH\Controllers\CategoryController.php(15): CodeIgniter\BaseModel->findAll()
 5 SYSTEMPATH\CodeIgniter.php(919): App\Controllers\CategoryController->index()
 6 SYSTEMPATH\CodeIgniter.php(494): CodeIgniter\CodeIgniter->runController(Object(App\Controllers\CategoryController))
 7 SYSTEMPATH\CodeIgniter.php(353): CodeIgniter\CodeIgniter->handleRequest(null, Object(Config\Cache), false)
 8 FCPATH\index.php(79): CodeIgniter\CodeIgniter->run()
 9 SYSTEMPATH\Commands\Server\rewrite.php(47): require_once('C:\\Users\\Serge\\Documents\\generation-choisie-admin\\public\\index.php')
